
PHP Deprecated:  Comments starting with '#' are deprecated in /etc/php5/cli/conf.d/mcrypt.ini on line 1 in Unknown on line 0

2011 Aug 10 - 17:00:01PHP Warning:  session_start(): Cannot send session cookie - headers already sent by (output started at /home/pfbiasuz/NetBeansProjects/meican/main-daemon.php:3) in /home/pfbiasuz/NetBeansProjects/meican/framework.conf.php on line 2
PHP Warning:  session_start(): Cannot send session cache limiter - headers already sent (output started at /home/pfbiasuz/NetBeansProjects/meican/main-daemon.php:3) in /home/pfbiasuz/NetBeansProjects/meican/framework.conf.php on line 2
PHP Deprecated:  Comments starting with '#' are deprecated in /etc/php5/cli/conf.d/mcrypt.ini on line 1 in Unknown on line 0

2011 Aug 10 - 17:01:01PHP Warning:  session_start(): Cannot send session cookie - headers already sent by (output started at /home/pfbiasuz/NetBeansProjects/meican/main-daemon.php:3) in /home/pfbiasuz/NetBeansProjects/meican/framework.conf.php on line 2
PHP Warning:  session_start(): Cannot send session cache limiter - headers already sent (output started at /home/pfbiasuz/NetBeansProjects/meican/main-daemon.php:3) in /home/pfbiasuz/NetBeansProjects/meican/framework.conf.php on line 2
PHP Deprecated:  Comments starting with '#' are deprecated in /etc/php5/cli/conf.d/mcrypt.ini on line 1 in Unknown on line 0

2011 Aug 10 - 17:02:01PHP Warning:  session_start(): Cannot send session cookie - headers already sent by (output started at /home/pfbiasuz/NetBeansProjects/meican/main-daemon.php:3) in /home/pfbiasuz/NetBeansProjects/meican/framework.conf.php on line 2
PHP Warning:  session_start(): Cannot send session cache limiter - headers already sent (output started at /home/pfbiasuz/NetBeansProjects/meican/main-daemon.php:3) in /home/pfbiasuz/NetBeansProjects/meican/framework.conf.php on line 2
PHP Deprecated:  Comments starting with '#' are deprecated in /etc/php5/cli/conf.d/mcrypt.ini on line 1 in Unknown on line 0

2011 Aug 10 - 17:03:01PHP Warning:  session_start(): Cannot send session cookie - headers already sent by (output started at /home/pfbiasuz/NetBeansProjects/meican/main-daemon.php:3) in /home/pfbiasuz/NetBeansProjects/meican/framework.conf.php on line 2
PHP Warning:  session_start(): Cannot send session cache limiter - headers already sent (output started at /home/pfbiasuz/NetBeansProjects/meican/main-daemon.php:3) in /home/pfbiasuz/NetBeansProjects/meican/framework.conf.php on line 2
PHP Deprecated:  Comments starting with '#' are deprecated in /etc/php5/cli/conf.d/mcrypt.ini on line 1 in Unknown on line 0

2011 Aug 10 - 17:04:01PHP Warning:  session_start(): Cannot send session cookie - headers already sent by (output started at /home/pfbiasuz/NetBeansProjects/meican/main-daemon.php:3) in /home/pfbiasuz/NetBeansProjects/meican/framework.conf.php on line 2
PHP Warning:  session_start(): Cannot send session cache limiter - headers already sent (output started at /home/pfbiasuz/NetBeansProjects/meican/main-daemon.php:3) in /home/pfbiasuz/NetBeansProjects/meican/framework.conf.php on line 2
PHP Deprecated:  Comments starting with '#' are deprecated in /etc/php5/cli/conf.d/mcrypt.ini on line 1 in Unknown on line 0

2011 Aug 10 - 17:05:01PHP Warning:  session_start(): Cannot send session cookie - headers already sent by (output started at /home/pfbiasuz/NetBeansProjects/meican/main-daemon.php:3) in /home/pfbiasuz/NetBeansProjects/meican/framework.conf.php on line 2
PHP Warning:  session_start(): Cannot send session cache limiter - headers already sent (output started at /home/pfbiasuz/NetBeansProjects/meican/main-daemon.php:3) in /home/pfbiasuz/NetBeansProjects/meican/framework.conf.php on line 2
PHP Deprecated:  Comments starting with '#' are deprecated in /etc/php5/cli/conf.d/mcrypt.ini on line 1 in Unknown on line 0

2011 Aug 10 - 17:06:01PHP Warning:  session_start(): Cannot send session cookie - headers already sent by (output started at /home/pfbiasuz/NetBeansProjects/meican/main-daemon.php:3) in /home/pfbiasuz/NetBeansProjects/meican/framework.conf.php on line 2
PHP Warning:  session_start(): Cannot send session cache limiter - headers already sent (output started at /home/pfbiasuz/NetBeansProjects/meican/main-daemon.php:3) in /home/pfbiasuz/NetBeansProjects/meican/framework.conf.php on line 2
PHP Deprecated:  Comments starting with '#' are deprecated in /etc/php5/cli/conf.d/mcrypt.ini on line 1 in Unknown on line 0

2011 Aug 10 - 17:07:01PHP Warning:  session_start(): Cannot send session cookie - headers already sent by (output started at /home/pfbiasuz/NetBeansProjects/meican/main-daemon.php:3) in /home/pfbiasuz/NetBeansProjects/meican/framework.conf.php on line 2
PHP Warning:  session_start(): Cannot send session cache limiter - headers already sent (output started at /home/pfbiasuz/NetBeansProjects/meican/main-daemon.php:3) in /home/pfbiasuz/NetBeansProjects/meican/framework.conf.php on line 2
PHP Deprecated:  Comments starting with '#' are deprecated in /etc/php5/cli/conf.d/mcrypt.ini on line 1 in Unknown on line 0

2011 Aug 10 - 17:08:01PHP Warning:  session_start(): Cannot send session cookie - headers already sent by (output started at /home/pfbiasuz/NetBeansProjects/meican/main-daemon.php:3) in /home/pfbiasuz/NetBeansProjects/meican/framework.conf.php on line 2
PHP Warning:  session_start(): Cannot send session cache limiter - headers already sent (output started at /home/pfbiasuz/NetBeansProjects/meican/main-daemon.php:3) in /home/pfbiasuz/NetBeansProjects/meican/framework.conf.php on line 2
PHP Deprecated:  Comments starting with '#' are deprecated in /etc/php5/cli/conf.d/mcrypt.ini on line 1 in Unknown on line 0

2011 Aug 10 - 17:09:01PHP Warning:  session_start(): Cannot send session cookie - headers already sent by (output started at /home/pfbiasuz/NetBeansProjects/meican/main-daemon.php:3) in /home/pfbiasuz/NetBeansProjects/meican/framework.conf.php on line 2
PHP Warning:  session_start(): Cannot send session cache limiter - headers already sent (output started at /home/pfbiasuz/NetBeansProjects/meican/main-daemon.php:3) in /home/pfbiasuz/NetBeansProjects/meican/framework.conf.php on line 2
PHP Deprecated:  Comments starting with '#' are deprecated in /etc/php5/cli/conf.d/mcrypt.ini on line 1 in Unknown on line 0

2011 Aug 10 - 17:10:01PHP Warning:  session_start(): Cannot send session cookie - headers already sent by (output started at /home/pfbiasuz/NetBeansProjects/meican/main-daemon.php:3) in /home/pfbiasuz/NetBeansProjects/meican/framework.conf.php on line 2
PHP Warning:  session_start(): Cannot send session cache limiter - headers already sent (output started at /home/pfbiasuz/NetBeansProjects/meican/main-daemon.php:3) in /home/pfbiasuz/NetBeansProjects/meican/framework.conf.php on line 2
PHP Deprecated:  Comments starting with '#' are deprecated in /etc/php5/cli/conf.d/mcrypt.ini on line 1 in Unknown on line 0

2011 Aug 10 - 17:11:01PHP Warning:  session_start(): Cannot send session cookie - headers already sent by (output started at /home/pfbiasuz/NetBeansProjects/meican/main-daemon.php:3) in /home/pfbiasuz/NetBeansProjects/meican/framework.conf.php on line 2
PHP Warning:  session_start(): Cannot send session cache limiter - headers already sent (output started at /home/pfbiasuz/NetBeansProjects/meican/main-daemon.php:3) in /home/pfbiasuz/NetBeansProjects/meican/framework.conf.php on line 2
PHP Deprecated:  Comments starting with '#' are deprecated in /etc/php5/cli/conf.d/mcrypt.ini on line 1 in Unknown on line 0

2011 Aug 10 - 17:12:01PHP Warning:  session_start(): Cannot send session cookie - headers already sent by (output started at /home/pfbiasuz/NetBeansProjects/meican/main-daemon.php:3) in /home/pfbiasuz/NetBeansProjects/meican/framework.conf.php on line 2
PHP Warning:  session_start(): Cannot send session cache limiter - headers already sent (output started at /home/pfbiasuz/NetBeansProjects/meican/main-daemon.php:3) in /home/pfbiasuz/NetBeansProjects/meican/framework.conf.php on line 2
PHP Deprecated:  Comments starting with '#' are deprecated in /etc/php5/cli/conf.d/mcrypt.ini on line 1 in Unknown on line 0

2011 Aug 10 - 17:13:01PHP Warning:  session_start(): Cannot send session cookie - headers already sent by (output started at /home/pfbiasuz/NetBeansProjects/meican/main-daemon.php:3) in /home/pfbiasuz/NetBeansProjects/meican/framework.conf.php on line 2
PHP Warning:  session_start(): Cannot send session cache limiter - headers already sent (output started at /home/pfbiasuz/NetBeansProjects/meican/main-daemon.php:3) in /home/pfbiasuz/NetBeansProjects/meican/framework.conf.php on line 2
PHP Deprecated:  Comments starting with '#' are deprecated in /etc/php5/cli/conf.d/mcrypt.ini on line 1 in Unknown on line 0

2011 Aug 10 - 17:14:01PHP Warning:  session_start(): Cannot send session cookie - headers already sent by (output started at /home/pfbiasuz/NetBeansProjects/meican/main-daemon.php:3) in /home/pfbiasuz/NetBeansProjects/meican/framework.conf.php on line 2
PHP Warning:  session_start(): Cannot send session cache limiter - headers already sent (output started at /home/pfbiasuz/NetBeansProjects/meican/main-daemon.php:3) in /home/pfbiasuz/NetBeansProjects/meican/framework.conf.php on line 2
PHP Deprecated:  Comments starting with '#' are deprecated in /etc/php5/cli/conf.d/mcrypt.ini on line 1 in Unknown on line 0

2011 Aug 10 - 17:15:01PHP Notice:  Undefined variable: init_session in /home/pfbiasuz/NetBeansProjects/meican/framework.conf.php on line 3
PHP Warning:  session_destroy(): Trying to destroy uninitialized session in /home/pfbiasuz/NetBeansProjects/meican/main-daemon.php on line 15
PHP Deprecated:  Comments starting with '#' are deprecated in /etc/php5/cli/conf.d/mcrypt.ini on line 1 in Unknown on line 0

2011 Aug 10 - 17:16:01PHP Warning:  session_destroy(): Trying to destroy uninitialized session in /home/pfbiasuz/NetBeansProjects/meican/main-daemon.php on line 16
PHP Deprecated:  Comments starting with '#' are deprecated in /etc/php5/cli/conf.d/mcrypt.ini on line 1 in Unknown on line 0

2011 Aug 10 - 17:17:02PHP Warning:  session_destroy(): Trying to destroy uninitialized session in /home/pfbiasuz/NetBeansProjects/meican/main-daemon.php on line 16
PHP Deprecated:  Comments starting with '#' are deprecated in /etc/php5/cli/conf.d/mcrypt.ini on line 1 in Unknown on line 0

2011 Aug 10 - 17:18:01PHP Deprecated:  Comments starting with '#' are deprecated in /etc/php5/cli/conf.d/mcrypt.ini on line 1 in Unknown on line 0

2011 Aug 10 - 17:19:01PHP Deprecated:  Comments starting with '#' are deprecated in /etc/php5/cli/conf.d/mcrypt.ini on line 1 in Unknown on line 0

2011 Aug 10 - 17:20:01PHP Deprecated:  Comments starting with '#' are deprecated in /etc/php5/cli/conf.d/mcrypt.ini on line 1 in Unknown on line 0

2011 Aug 10 - 17:21:01PHP Deprecated:  Comments starting with '#' are deprecated in /etc/php5/cli/conf.d/mcrypt.ini on line 1 in Unknown on line 0

2011 Aug 10 - 17:22:01PHP Deprecated:  Comments starting with '#' are deprecated in /etc/php5/cli/conf.d/mcrypt.ini on line 1 in Unknown on line 0

2011 Aug 10 - 17:23:01PHP Deprecated:  Comments starting with '#' are deprecated in /etc/php5/cli/conf.d/mcrypt.ini on line 1 in Unknown on line 0

2011 Aug 10 - 17:24:01PHP Deprecated:  Comments starting with '#' are deprecated in /etc/php5/cli/conf.d/mcrypt.ini on line 1 in Unknown on line 0

2011 Aug 10 - 17:25:02PHP Deprecated:  Comments starting with '#' are deprecated in /etc/php5/cli/conf.d/mcrypt.ini on line 1 in Unknown on line 0

2011 Aug 10 - 17:26:01PHP Deprecated:  Comments starting with '#' are deprecated in /etc/php5/cli/conf.d/mcrypt.ini on line 1 in Unknown on line 0

2011 Aug 10 - 17:27:01PHP Deprecated:  Comments starting with '#' are deprecated in /etc/php5/cli/conf.d/mcrypt.ini on line 1 in Unknown on line 0

2011 Aug 10 - 17:28:01PHP Deprecated:  Comments starting with '#' are deprecated in /etc/php5/cli/conf.d/mcrypt.ini on line 1 in Unknown on line 0

2011 Aug 10 - 17:29:01PHP Deprecated:  Comments starting with '#' are deprecated in /etc/php5/cli/conf.d/mcrypt.ini on line 1 in Unknown on line 0

2011 Aug 10 - 17:30:01PHP Deprecated:  Comments starting with '#' are deprecated in /etc/php5/cli/conf.d/mcrypt.ini on line 1 in Unknown on line 0

2011 Aug 10 - 17:31:01PHP Deprecated:  Comments starting with '#' are deprecated in /etc/php5/cli/conf.d/mcrypt.ini on line 1 in Unknown on line 0

2011 Aug 10 - 17:32:01PHP Deprecated:  Comments starting with '#' are deprecated in /etc/php5/cli/conf.d/mcrypt.ini on line 1 in Unknown on line 0

2011 Aug 10 - 17:33:01PHP Deprecated:  Comments starting with '#' are deprecated in /etc/php5/cli/conf.d/mcrypt.ini on line 1 in Unknown on line 0

2011 Aug 10 - 17:34:01PHP Deprecated:  Comments starting with '#' are deprecated in /etc/php5/cli/conf.d/mcrypt.ini on line 1 in Unknown on line 0

2011 Aug 10 - 17:35:01PHP Deprecated:  Comments starting with '#' are deprecated in /etc/php5/cli/conf.d/mcrypt.ini on line 1 in Unknown on line 0

2011 Aug 10 - 17:36:01PHP Deprecated:  Comments starting with '#' are deprecated in /etc/php5/cli/conf.d/mcrypt.ini on line 1 in Unknown on line 0

2011 Aug 10 - 17:37:01PHP Deprecated:  Comments starting with '#' are deprecated in /etc/php5/cli/conf.d/mcrypt.ini on line 1 in Unknown on line 0

2011 Aug 10 - 17:38:01PHP Deprecated:  Comments starting with '#' are deprecated in /etc/php5/cli/conf.d/mcrypt.ini on line 1 in Unknown on line 0

2011 Aug 10 - 17:39:01PHP Deprecated:  Comments starting with '#' are deprecated in /etc/php5/cli/conf.d/mcrypt.ini on line 1 in Unknown on line 0

2011 Aug 10 - 17:40:01PHP Deprecated:  Comments starting with '#' are deprecated in /etc/php5/cli/conf.d/mcrypt.ini on line 1 in Unknown on line 0

2011 Aug 10 - 17:41:01PHP Deprecated:  Comments starting with '#' are deprecated in /etc/php5/cli/conf.d/mcrypt.ini on line 1 in Unknown on line 0

2011 Aug 10 - 17:42:01PHP Deprecated:  Comments starting with '#' are deprecated in /etc/php5/cli/conf.d/mcrypt.ini on line 1 in Unknown on line 0

2011 Aug 10 - 17:43:01PHP Deprecated:  Comments starting with '#' are deprecated in /etc/php5/cli/conf.d/mcrypt.ini on line 1 in Unknown on line 0

2011 Aug 10 - 17:44:01PHP Deprecated:  Comments starting with '#' are deprecated in /etc/php5/cli/conf.d/mcrypt.ini on line 1 in Unknown on line 0

2011 Aug 10 - 17:45:01PHP Deprecated:  Comments starting with '#' are deprecated in /etc/php5/cli/conf.d/mcrypt.ini on line 1 in Unknown on line 0

2011 Aug 10 - 17:46:01PHP Deprecated:  Comments starting with '#' are deprecated in /etc/php5/cli/conf.d/mcrypt.ini on line 1 in Unknown on line 0

2011 Aug 10 - 17:47:01PHP Deprecated:  Comments starting with '#' are deprecated in /etc/php5/cli/conf.d/mcrypt.ini on line 1 in Unknown on line 0

2011 Aug 10 - 17:48:01PHP Deprecated:  Comments starting with '#' are deprecated in /etc/php5/cli/conf.d/mcrypt.ini on line 1 in Unknown on line 0

2011 Aug 10 - 17:49:01PHP Deprecated:  Comments starting with '#' are deprecated in /etc/php5/cli/conf.d/mcrypt.ini on line 1 in Unknown on line 0

2011 Aug 10 - 17:50:01PHP Deprecated:  Comments starting with '#' are deprecated in /etc/php5/cli/conf.d/mcrypt.ini on line 1 in Unknown on line 0

2011 Aug 10 - 17:51:01PHP Deprecated:  Comments starting with '#' are deprecated in /etc/php5/cli/conf.d/mcrypt.ini on line 1 in Unknown on line 0

2011 Aug 10 - 17:52:01PHP Deprecated:  Comments starting with '#' are deprecated in /etc/php5/cli/conf.d/mcrypt.ini on line 1 in Unknown on line 0

2011 Aug 10 - 17:53:01PHP Deprecated:  Comments starting with '#' are deprecated in /etc/php5/cli/conf.d/mcrypt.ini on line 1 in Unknown on line 0

2011 Aug 10 - 17:54:01PHP Deprecated:  Comments starting with '#' are deprecated in /etc/php5/cli/conf.d/mcrypt.ini on line 1 in Unknown on line 0

2011 Aug 10 - 17:55:01PHP Deprecated:  Comments starting with '#' are deprecated in /etc/php5/cli/conf.d/mcrypt.ini on line 1 in Unknown on line 0

2011 Aug 10 - 17:56:01PHP Deprecated:  Comments starting with '#' are deprecated in /etc/php5/cli/conf.d/mcrypt.ini on line 1 in Unknown on line 0

2011 Aug 10 - 17:57:01PHP Deprecated:  Comments starting with '#' are deprecated in /etc/php5/cli/conf.d/mcrypt.ini on line 1 in Unknown on line 0

2011 Aug 10 - 17:58:01PHP Deprecated:  Comments starting with '#' are deprecated in /etc/php5/cli/conf.d/mcrypt.ini on line 1 in Unknown on line 0

2011 Aug 10 - 17:59:01PHP Deprecated:  Comments starting with '#' are deprecated in /etc/php5/cli/conf.d/mcrypt.ini on line 1 in Unknown on line 0

2011 Aug 10 - 18:00:02PHP Deprecated:  Comments starting with '#' are deprecated in /etc/php5/cli/conf.d/mcrypt.ini on line 1 in Unknown on line 0

2011 Aug 10 - 18:01:01PHP Deprecated:  Comments starting with '#' are deprecated in /etc/php5/cli/conf.d/mcrypt.ini on line 1 in Unknown on line 0

2011 Aug 10 - 18:02:01PHP Deprecated:  Comments starting with '#' are deprecated in /etc/php5/cli/conf.d/mcrypt.ini on line 1 in Unknown on line 0

2011 Aug 10 - 18:03:01PHP Deprecated:  Comments starting with '#' are deprecated in /etc/php5/cli/conf.d/mcrypt.ini on line 1 in Unknown on line 0

2011 Aug 10 - 18:04:01PHP Deprecated:  Comments starting with '#' are deprecated in /etc/php5/cli/conf.d/mcrypt.ini on line 1 in Unknown on line 0

2011 Aug 10 - 18:05:01PHP Deprecated:  Comments starting with '#' are deprecated in /etc/php5/cli/conf.d/mcrypt.ini on line 1 in Unknown on line 0

2011 Aug 10 - 18:06:01PHP Deprecated:  Comments starting with '#' are deprecated in /etc/php5/cli/conf.d/mcrypt.ini on line 1 in Unknown on line 0

2011 Aug 10 - 18:07:01PHP Deprecated:  Comments starting with '#' are deprecated in /etc/php5/cli/conf.d/mcrypt.ini on line 1 in Unknown on line 0

2011 Aug 10 - 18:08:01PHP Deprecated:  Comments starting with '#' are deprecated in /etc/php5/cli/conf.d/mcrypt.ini on line 1 in Unknown on line 0

2011 Aug 10 - 18:09:01PHP Deprecated:  Comments starting with '#' are deprecated in /etc/php5/cli/conf.d/mcrypt.ini on line 1 in Unknown on line 0

2011 Aug 10 - 18:10:01PHP Deprecated:  Comments starting with '#' are deprecated in /etc/php5/cli/conf.d/mcrypt.ini on line 1 in Unknown on line 0

2011 Aug 10 - 18:11:01PHP Deprecated:  Comments starting with '#' are deprecated in /etc/php5/cli/conf.d/mcrypt.ini on line 1 in Unknown on line 0

2011 Aug 10 - 18:12:01PHP Deprecated:  Comments starting with '#' are deprecated in /etc/php5/cli/conf.d/mcrypt.ini on line 1 in Unknown on line 0

2011 Aug 10 - 18:13:01PHP Deprecated:  Comments starting with '#' are deprecated in /etc/php5/cli/conf.d/mcrypt.ini on line 1 in Unknown on line 0

2011 Aug 10 - 18:14:01PHP Deprecated:  Comments starting with '#' are deprecated in /etc/php5/cli/conf.d/mcrypt.ini on line 1 in Unknown on line 0

2011 Aug 10 - 18:15:01PHP Deprecated:  Comments starting with '#' are deprecated in /etc/php5/cli/conf.d/mcrypt.ini on line 1 in Unknown on line 0

2011 Aug 10 - 18:16:01PHP Deprecated:  Comments starting with '#' are deprecated in /etc/php5/cli/conf.d/mcrypt.ini on line 1 in Unknown on line 0

2011 Aug 10 - 18:17:01PHP Deprecated:  Comments starting with '#' are deprecated in /etc/php5/cli/conf.d/mcrypt.ini on line 1 in Unknown on line 0

2011 Aug 10 - 18:18:01PHP Deprecated:  Comments starting with '#' are deprecated in /etc/php5/cli/conf.d/mcrypt.ini on line 1 in Unknown on line 0

2011 Aug 10 - 18:19:01PHP Deprecated:  Comments starting with '#' are deprecated in /etc/php5/cli/conf.d/mcrypt.ini on line 1 in Unknown on line 0

2011 Aug 10 - 18:20:01PHP Deprecated:  Comments starting with '#' are deprecated in /etc/php5/cli/conf.d/mcrypt.ini on line 1 in Unknown on line 0

2011 Aug 10 - 18:21:01PHP Deprecated:  Comments starting with '#' are deprecated in /etc/php5/cli/conf.d/mcrypt.ini on line 1 in Unknown on line 0

2011 Aug 10 - 18:22:01PHP Deprecated:  Comments starting with '#' are deprecated in /etc/php5/cli/conf.d/mcrypt.ini on line 1 in Unknown on line 0

2011 Aug 10 - 18:23:01PHP Deprecated:  Comments starting with '#' are deprecated in /etc/php5/cli/conf.d/mcrypt.ini on line 1 in Unknown on line 0

2011 Aug 10 - 18:24:01PHP Deprecated:  Comments starting with '#' are deprecated in /etc/php5/cli/conf.d/mcrypt.ini on line 1 in Unknown on line 0

2011 Aug 10 - 18:25:01PHP Deprecated:  Comments starting with '#' are deprecated in /etc/php5/cli/conf.d/mcrypt.ini on line 1 in Unknown on line 0

2011 Aug 10 - 18:26:01PHP Deprecated:  Comments starting with '#' are deprecated in /etc/php5/cli/conf.d/mcrypt.ini on line 1 in Unknown on line 0

2011 Aug 10 - 18:27:01PHP Deprecated:  Comments starting with '#' are deprecated in /etc/php5/cli/conf.d/mcrypt.ini on line 1 in Unknown on line 0

2011 Aug 10 - 18:28:01PHP Deprecated:  Comments starting with '#' are deprecated in /etc/php5/cli/conf.d/mcrypt.ini on line 1 in Unknown on line 0

2011 Aug 10 - 18:29:02PHP Deprecated:  Comments starting with '#' are deprecated in /etc/php5/cli/conf.d/mcrypt.ini on line 1 in Unknown on line 0

2011 Aug 10 - 18:30:01